BACKBONE
  simple average:   $17.04/hr
  weighted average: $22.75/hr
  top ten average:  $43.73/hr

ANGULAR
  simple average:   $15.46/hr
  weighted average: $20.18/hr
  top ten average:  $42.64/hr

GROOVY
  simple average:   $15.07/hr
  weighted average: $23.01/hr
  top ten average:  $45.73/hr

RUBY
  simple average:   $20.11/hr
  weighted average: $24.53/hr
  top ten average:  $51.06/hr

LARAVEL
  simple average:   $12.83/hr
  weighted average: $16.84/hr
  top ten average:  $39.10/hr

REACT
  simple average:   $18.36/hr
  weighted average: $25.70/hr
  top ten average:  $45.31/hr

GRAILS
  simple average:   $13.50/hr
  weighted average: $22.38/hr
  top ten average:  $40.53/hr

DJANGO
  simple average:   $16.60/hr
  weighted average: $22.37/hr
  top ten average:  $45.73/hr

ASP.NET
  simple average:   $13.37/hr
  weighted average: $17.63/hr
  top ten average:  $38.13/hr

JAVASCRIPT
  simple average:   $13.87/hr
  weighted average: $16.56/hr
  top ten average:  $42.88/hr

FRONTEND
  simple average:   $15.79/hr
  weighted average: $19.70/hr
  top ten average:  $43.99/hr

PYTHON
  simple average:   $18.33/hr
  weighted average: $24.62/hr
  top ten average:  $48.72/hr

PHP
  simple average:   $12.83/hr
  weighted average: $13.71/hr
  top ten average:  $40.38/hr

NODE.JS
  simple average:   $19.13/hr
  weighted average: $23.01/hr
  top ten average:  $48.19/hr

C++
  simple average:   $18.19/hr
  weighted average: $20.45/hr
  top ten average:  $51.08/hr

ANDROID
  simple average:   $17.26/hr
  weighted average: $20.45/hr
  top ten average:  $48.41/hr

RAILS
  simple average:   $20.03/hr
  weighted average: $24.31/hr
  top ten average:  $50.90/hr

JAVA
  simple average:   $17.16/hr
  weighted average: $22.49/hr
  top ten average:  $49.57/hr

WORDPRESS
  simple average:   $10.60/hr
  weighted average: $9.89/hr
  top ten average:  $31.16/hr

